<?xml version="1.0" encoding="UTF-8"?>
<testng-results ignored="0" total="1" passed="1" failed="0" skipped="0">
  <reporter-output>
    <line>
      <![CDATA[opening Browser]]>
    </line>
  </reporter-output>
  <suite started-at="2024-07-14T18:39:05 IST" name="Default suite" finished-at="2024-07-14T18:40:08 IST" duration-ms="63114">
    <groups>
    </groups>
    <test started-at="2024-07-14T18:39:05 IST" name="Default test" finished-at="2024-07-14T18:40:08 IST" duration-ms="63114">
      <class name="com.crm.testcript.SearchCust">
        <test-method is-config="true" signature="OpenBrowser()[pri:0, instance:com.crm.testcript.SearchCust@628c4ac0]" started-at="2024-07-14T18:39:05 IST" name="OpenBrowser" finished-at="2024-07-14T18:39:40 IST" duration-ms="34895" status="PASS">
          <reporter-output>
            <line>
              <![CDATA[opening Browser]]>
            </line>
          </reporter-output>
        </test-method> <!-- OpenBrowser -->
        <test-method is-config="true" signature="login()[pri:0, instance:com.crm.testcript.SearchCust@628c4ac0]" started-at="2024-07-14T18:39:41 IST" name="login" finished-at="2024-07-14T18:39:42 IST" duration-ms="1286" status="PASS">
          <reporter-output>
          </reporter-output>
        </test-method> <!-- login -->
        <test-method signature="search()[pri:0, instance:com.crm.testcript.SearchCust@628c4ac0]" started-at="2024-07-14T18:39:42 IST" name="search" finished-at="2024-07-14T18:40:08 IST" duration-ms="25855" status="PASS">
          <reporter-output>
          </reporter-output>
        </test-method> <!-- search -->
      </class> <!-- com.crm.testcript.SearchCust -->
    </test> <!-- Default test -->
  </suite> <!-- Default suite -->
</testng-results>
